<?xml version="1.0" encoding="UTF-8"?>
<!-- Generated by org.testng.reporters.JUnitReportReporter -->
<testsuite hostname="LAPTOP-SRCJA9U0" failures="0" tests="5" name="testRunner.TestRunner" time="55.659" errors="0" timestamp="2024-04-15T23:45:58 IST" skipped="0">
  <testcase classname="testRunner.TestRunner" name="runScenario" time="8.737"/>
  <testcase classname="testRunner.TestRunner" name="runScenario" time="9.625"/>
  <testcase classname="testRunner.TestRunner" name="runScenario" time="17.137"/>
  <testcase classname="testRunner.TestRunner" name="runScenario" time="9.703"/>
  <testcase classname="testRunner.TestRunner" name="runScenario" time="10.457"/>
</testsuite> <!-- testRunner.TestRunner -->
